<?xml version="1.0" encoding="UTF-8"?>
<!-- Generated by org.testng.reporters.JUnitReportReporter -->
<testsuite skipped="0" hostname="Asus" name="QAclickaccademy.mvjava.ApiTest" tests="2" failures="0" timestamp="01 May 2021 15:07:00 GMT" time="0.008" errors="0">
  <testcase name="BrowserAutomation" time="0.007" classname="QAclickaccademy.mvjava.ApiTest"/>
  <testcase name="ElementsUi" time="0.001" classname="QAclickaccademy.mvjava.ApiTest"/>
</testsuite> <!-- QAclickaccademy.mvjava.ApiTest -->
