<?xml version="1.0" encoding="UTF-8"?>
<!-- Generated by org.testng.reporters.JUnitReportReporter -->
<testsuite skipped="0" hostname="Asus" name="QAclickaccademy.mvjava.AppiumTest" tests="2" failures="0" timestamp="01 May 2021 15:07:00 GMT" time="0.001" errors="0">
  <testcase name="nativeTest" time="0.000" classname="QAclickaccademy.mvjava.AppiumTest"/>
  <testcase name="iosTest" time="0.001" classname="QAclickaccademy.mvjava.AppiumTest"/>
</testsuite> <!-- QAclickaccademy.mvjava.AppiumTest -->
