<?xml version="1.0" encoding="UTF-8"?>
<!-- Generated by org.testng.reporters.JUnitReportReporter -->
<testsuite skipped="0" hostname="Asus" name="QAclickaccademy.mvjava.AppTest2" tests="2" failures="0" timestamp="01 May 2021 15:07:00 GMT" time="0.000" errors="0">
  <testcase name="postJira" time="0.000" classname="QAclickaccademy.mvjava.AppTest2"/>
  <testcase name="deleteTwitter" time="0.000" classname="QAclickaccademy.mvjava.AppTest2"/>
</testsuite> <!-- QAclickaccademy.mvjava.AppTest2 -->
